<?xml version="1.0" encoding="UTF-8" ?>
<testsuite failures="1" time="64.773" errors="0" skipped="0" tests="1" name="SearchTest">
  <properties>
[...]
</properties>
  <testcase time="64.006" classname="SearchTest" name="searchForItemTest">
    <failure message="Failed to connect to binary FirefoxBinary(C:\Program Files (x86)\Mozilla Firefox\firefox.exe) on port 7055; process output follows: 
i	DEBUG	startup
1436967931755	addons.xpi	INFO	Mapping fxdriver@googlecode.com to C:\Users\Lenovo\AppData\Local\Temp\anonymous7114067591707003963webdriver-profile\extensions\fxdriver@googlecode.com
1436967931755	addons.xpi	DEBUG	Ignoring file entry whose name is not a valid add-on ID: C:\Users\Lenovo\AppData\Local\Temp\anonymous7114067591707003963webdriver-profile\extensions\webdriver-staging
1436967931757	addons.xpi	INFO	Mapping {972ce4c6-7e08-4474-a285-3208198ce6fd} to C:\Program Files (x86)\Mozilla Firefox\browser\extensions\{972ce4c6-7e08-4474-a285-3208198ce6fd}
1436967931757	addons.xpi	DEBUG	Skipping unavailable install location app-system-share
1436967931758	addons.xpi	DEBUG	Skipping unavailable install location app-system-local
1436967931758	addons.xpi	INFO	Mapping avg@toolbar to C:\ProgramData\AVG SafeGuard toolbar\FireFoxExt\18.5.0.909
1436967931759	addons.xpi	DEBUG	checkForChanges
1436967931759	addons.xpi	DEBUG	Loaded add-on state from prefs: {&quot;app-profile&quot;:{&quot;fxdriver@googlecode.com&quot;:{&quot;d&quot;:&quot;C:\\Users\\Lenovo\\AppData\\Local\\Temp\\anonymous7114067591707003963webdriver-profile\\extensions\\fxdriver@googlecode.com&quot;,&quot;e&quot;:false,&quot;v&quot;:&quot;2.35.0&quot;,&quot;st&quot;:1436967913449,&quot;mt&quot;:1436967913251}},&quot;app-global&quot;:{&quot;{972ce4c6-7e08-4474-a285-3208198ce6fd}&quot;:{&quot;d&quot;:&quot;C:\\Program Files (x86)\\Mozilla Firefox\\browser\\extensions\\{972ce4c6-7e08-4474-a285-3208198ce6fd}&quot;,&quot;e&quot;:true,&quot;v&quot;:&quot;39.0&quot;,&quot;st&quot;:1436967099134,&quot;mt&quot;:1436967097391}},&quot;winreg-app-global&quot;:{&quot;avg@toolbar&quot;:{&quot;d&quot;:&quot;C:\\ProgramData\\AVG SafeGuard toolbar\\FireFoxExt\\18.5.0.909&quot;,&quot;e&quot;:false,&quot;v&quot;:&quot;18.5.0.909&quot;,&quot;st&quot;:1436451899239,&quot;mt&quot;:1436451786210}}}
1436967931761	addons.xpi	DEBUG	getModTime: Recursive scan of {972ce4c6-7e08-4474-a285-3208198ce6fd}
1436967931763	addons.xpi	DEBUG	getInstallState changed: false, state: {&quot;app-profile&quot;:{&quot;fxdriver@googlecode.com&quot;:{&quot;d&quot;:&quot;C:\\Users\\Lenovo\\AppData\\Local\\Temp\\anonymous7114067591707003963webdriver-profile\\extensions\\fxdriver@googlecode.com&quot;,&quot;e&quot;:false,&quot;v&quot;:&quot;2.35.0&quot;,&quot;st&quot;:1436967913449,&quot;mt&quot;:1436967913251}},&quot;app-global&quot;:{&quot;{972ce4c6-7e08-4474-a285-3208198ce6fd}&quot;:{&quot;d&quot;:&quot;C:\\Program Files (x86)\\Mozilla Firefox\\browser\\extensions\\{972ce4c6-7e08-4474-a285-3208198ce6fd}&quot;,&quot;e&quot;:true,&quot;v&quot;:&quot;39.0&quot;,&quot;st&quot;:1436967099134,&quot;mt&quot;:1436967097391}},&quot;winreg-app-global&quot;:{&quot;avg@toolbar&quot;:{&quot;d&quot;:&quot;C:\\ProgramData\\AVG SafeGuard toolbar\\FireFoxExt\\18.5.0.909&quot;,&quot;e&quot;:false,&quot;v&quot;:&quot;18.5.0.909&quot;,&quot;st&quot;:1436451899239,&quot;mt&quot;:1436451786210}}}
1436967931766	addons.xpi	DEBUG	No changes found
1436967931772	addons.manager	DEBUG	Registering shutdown blocker for XPIProvider
1436967931773	addons.manager	DEBUG	Provider finished startup: XPIProvider
1436967931773	addons.manager	DEBUG	Starting provider: LightweightThemeManager
1436967931773	addons.manager	DEBUG	Registering shutdown blocker for LightweightThemeManager
1436967931774	addons.manager	DEBUG	Provider finished startup: LightweightThemeManager
1436967931774	addons.manager	DEBUG	Starting provider: GMPProvider
1436967931780	addons.manager	DEBUG	Registering shutdown blocker for GMPProvider
1436967931781	addons.manager	DEBUG	Provider finished startup: GMPProvider
1436967931781	addons.manager	DEBUG	Starting provider: PluginProvider
1436967931781	addons.manager	DEBUG	Registering shutdown blocker for PluginProvider
1436967931781	addons.manager	DEBUG	Provider finished startup: PluginProvider
1436967931782	addons.manager	DEBUG	Completed startup sequence
1436967931964	addons.xpi-utils	DEBUG	Starting async load of XPI database C:\Users\Lenovo\AppData\Local\Temp\anonymous7114067591707003963webdriver-profile\extensions.json
1436967931967	addons.manager	DEBUG	Starting provider: &lt;unnamed-provider&gt;
1436967931967	addons.manager	DEBUG	Registering shutdown blocker for &lt;unnamed-provider&gt;
1436967931968	addons.manager	DEBUG	Provider finished startup: &lt;unnamed-provider&gt;
1436967932408	addons.xpi-utils	DEBUG	Async JSON file read took 0 MS
1436967932408	addons.xpi-utils	DEBUG	Finished async read of XPI database, parsing...
1436967932409	addons.xpi-utils	DEBUG	Successfully read XPI database
*** Blocklist::_loadBlocklistFromFile: blocklist is disabled

Build info: version: &apos;2.35.0&apos;, revision: &apos;8df0c6bedf70ff9f22c647788f9fe9c8d22210e2&apos;, time: &apos;2013-08-17 12:46:41&apos;
System info: os.name: &apos;Windows 7&apos;, os.arch: &apos;amd64&apos;, os.version: &apos;6.1&apos;, java.version: &apos;1.7.0_40&apos;
Driver info: driver.version: FirefoxDriver" type="org.openqa.selenium.WebDriverException">org.openqa.selenium.WebDriverException: Failed to connect to binary FirefoxBinary(C:\Program Files (x86)\Mozilla Firefox\firefox.exe) on port 7055; process output follows: 
i	DEBUG	startup
1436967931755	addons.xpi	INFO	Mapping fxdriver@googlecode.com to C:\Users\Lenovo\AppData\Local\Temp\anonymous7114067591707003963webdriver-profile\extensions\fxdriver@googlecode.com
1436967931755	addons.xpi	DEBUG	Ignoring file entry whose name is not a valid add-on ID: C:\Users\Lenovo\AppData\Local\Temp\anonymous7114067591707003963webdriver-profile\extensions\webdriver-staging
1436967931757	addons.xpi	INFO	Mapping {972ce4c6-7e08-4474-a285-3208198ce6fd} to C:\Program Files (x86)\Mozilla Firefox\browser\extensions\{972ce4c6-7e08-4474-a285-3208198ce6fd}
1436967931757	addons.xpi	DEBUG	Skipping unavailable install location app-system-share
1436967931758	addons.xpi	DEBUG	Skipping unavailable install location app-system-local
1436967931758	addons.xpi	INFO	Mapping avg@toolbar to C:\ProgramData\AVG SafeGuard toolbar\FireFoxExt\18.5.0.909
1436967931759	addons.xpi	DEBUG	checkForChanges
1436967931759	addons.xpi	DEBUG	Loaded add-on state from prefs: {&quot;app-profile&quot;:{&quot;fxdriver@googlecode.com&quot;:{&quot;d&quot;:&quot;C:\\Users\\Lenovo\\AppData\\Local\\Temp\\anonymous7114067591707003963webdriver-profile\\extensions\\fxdriver@googlecode.com&quot;,&quot;e&quot;:false,&quot;v&quot;:&quot;2.35.0&quot;,&quot;st&quot;:1436967913449,&quot;mt&quot;:1436967913251}},&quot;app-global&quot;:{&quot;{972ce4c6-7e08-4474-a285-3208198ce6fd}&quot;:{&quot;d&quot;:&quot;C:\\Program Files (x86)\\Mozilla Firefox\\browser\\extensions\\{972ce4c6-7e08-4474-a285-3208198ce6fd}&quot;,&quot;e&quot;:true,&quot;v&quot;:&quot;39.0&quot;,&quot;st&quot;:1436967099134,&quot;mt&quot;:1436967097391}},&quot;winreg-app-global&quot;:{&quot;avg@toolbar&quot;:{&quot;d&quot;:&quot;C:\\ProgramData\\AVG SafeGuard toolbar\\FireFoxExt\\18.5.0.909&quot;,&quot;e&quot;:false,&quot;v&quot;:&quot;18.5.0.909&quot;,&quot;st&quot;:1436451899239,&quot;mt&quot;:1436451786210}}}
1436967931761	addons.xpi	DEBUG	getModTime: Recursive scan of {972ce4c6-7e08-4474-a285-3208198ce6fd}
1436967931763	addons.xpi	DEBUG	getInstallState changed: false, state: {&quot;app-profile&quot;:{&quot;fxdriver@googlecode.com&quot;:{&quot;d&quot;:&quot;C:\\Users\\Lenovo\\AppData\\Local\\Temp\\anonymous7114067591707003963webdriver-profile\\extensions\\fxdriver@googlecode.com&quot;,&quot;e&quot;:false,&quot;v&quot;:&quot;2.35.0&quot;,&quot;st&quot;:1436967913449,&quot;mt&quot;:1436967913251}},&quot;app-global&quot;:{&quot;{972ce4c6-7e08-4474-a285-3208198ce6fd}&quot;:{&quot;d&quot;:&quot;C:\\Program Files (x86)\\Mozilla Firefox\\browser\\extensions\\{972ce4c6-7e08-4474-a285-3208198ce6fd}&quot;,&quot;e&quot;:true,&quot;v&quot;:&quot;39.0&quot;,&quot;st&quot;:1436967099134,&quot;mt&quot;:1436967097391}},&quot;winreg-app-global&quot;:{&quot;avg@toolbar&quot;:{&quot;d&quot;:&quot;C:\\ProgramData\\AVG SafeGuard toolbar\\FireFoxExt\\18.5.0.909&quot;,&quot;e&quot;:false,&quot;v&quot;:&quot;18.5.0.909&quot;,&quot;st&quot;:1436451899239,&quot;mt&quot;:1436451786210}}}
1436967931766	addons.xpi	DEBUG	No changes found
1436967931772	addons.manager	DEBUG	Registering shutdown blocker for XPIProvider
1436967931773	addons.manager	DEBUG	Provider finished startup: XPIProvider
1436967931773	addons.manager	DEBUG	Starting provider: LightweightThemeManager
1436967931773	addons.manager	DEBUG	Registering shutdown blocker for LightweightThemeManager
1436967931774	addons.manager	DEBUG	Provider finished startup: LightweightThemeManager
1436967931774	addons.manager	DEBUG	Starting provider: GMPProvider
1436967931780	addons.manager	DEBUG	Registering shutdown blocker for GMPProvider
1436967931781	addons.manager	DEBUG	Provider finished startup: GMPProvider
1436967931781	addons.manager	DEBUG	Starting provider: PluginProvider
1436967931781	addons.manager	DEBUG	Registering shutdown blocker for PluginProvider
1436967931781	addons.manager	DEBUG	Provider finished startup: PluginProvider
1436967931782	addons.manager	DEBUG	Completed startup sequence
1436967931964	addons.xpi-utils	DEBUG	Starting async load of XPI database C:\Users\Lenovo\AppData\Local\Temp\anonymous7114067591707003963webdriver-profile\extensions.json
1436967931967	addons.manager	DEBUG	Starting provider: &lt;unnamed-provider&gt;
1436967931967	addons.manager	DEBUG	Registering shutdown blocker for &lt;unnamed-provider&gt;
1436967931968	addons.manager	DEBUG	Provider finished startup: &lt;unnamed-provider&gt;
1436967932408	addons.xpi-utils	DEBUG	Async JSON file read took 0 MS
1436967932408	addons.xpi-utils	DEBUG	Finished async read of XPI database, parsing...
1436967932409	addons.xpi-utils	DEBUG	Successfully read XPI database
*** Blocklist::_loadBlocklistFromFile: blocklist is disabled
Build info: version: &apos;2.35.0&apos;, revision: &apos;8df0c6bedf70ff9f22c647788f9fe9c8d22210e2&apos;, time: &apos;2013-08-17 12:46:41&apos;
System info: os.name: &apos;Windows 7&apos;, os.arch: &apos;amd64&apos;, os.version: &apos;6.1&apos;, java.version: &apos;1.7.0_40&apos;
Driver info: driver.version: FirefoxDriver
	at org.openqa.selenium.firefox.internal.NewProfileExtensionConnection.start(NewProfileExtensionConnection.java:118)
	at org.openqa.selenium.firefox.FirefoxDriver.startClient(FirefoxDriver.java:251)
	at org.openqa.selenium.remote.RemoteWebDriver.&lt;init&gt;(RemoteWebDriver.java:110)
	at org.openqa.selenium.firefox.FirefoxDriver.&lt;init&gt;(FirefoxDriver.java:195)
	at org.openqa.selenium.firefox.FirefoxDriver.&lt;init&gt;(FirefoxDriver.java:190)
	at org.openqa.selenium.firefox.FirefoxDriver.&lt;init&gt;(FirefoxDriver.java:186)
	at org.openqa.selenium.firefox.FirefoxDriver.&lt;init&gt;(FirefoxDriver.java:99)
	at SearchTest.searchForItemTest(SearchTest.java:16)
Caused by: org.openqa.selenium.firefox.NotConnectedException: Unable to connect to host 127.0.0.1 on port 7055 after 45000 ms. Firefox console output:
i	DEBUG	startup
1436967931755	addons.xpi	INFO	Mapping fxdriver@googlecode.com to C:\Users\Lenovo\AppData\Local\Temp\anonymous7114067591707003963webdriver-profile\extensions\fxdriver@googlecode.com
1436967931755	addons.xpi	DEBUG	Ignoring file entry whose name is not a valid add-on ID: C:\Users\Lenovo\AppData\Local\Temp\anonymous7114067591707003963webdriver-profile\extensions\webdriver-staging
1436967931757	addons.xpi	INFO	Mapping {972ce4c6-7e08-4474-a285-3208198ce6fd} to C:\Program Files (x86)\Mozilla Firefox\browser\extensions\{972ce4c6-7e08-4474-a285-3208198ce6fd}
1436967931757	addons.xpi	DEBUG	Skipping unavailable install location app-system-share
1436967931758	addons.xpi	DEBUG	Skipping unavailable install location app-system-local
1436967931758	addons.xpi	INFO	Mapping avg@toolbar to C:\ProgramData\AVG SafeGuard toolbar\FireFoxExt\18.5.0.909
1436967931759	addons.xpi	DEBUG	checkForChanges
1436967931759	addons.xpi	DEBUG	Loaded add-on state from prefs: {&quot;app-profile&quot;:{&quot;fxdriver@googlecode.com&quot;:{&quot;d&quot;:&quot;C:\\Users\\Lenovo\\AppData\\Local\\Temp\\anonymous7114067591707003963webdriver-profile\\extensions\\fxdriver@googlecode.com&quot;,&quot;e&quot;:false,&quot;v&quot;:&quot;2.35.0&quot;,&quot;st&quot;:1436967913449,&quot;mt&quot;:1436967913251}},&quot;app-global&quot;:{&quot;{972ce4c6-7e08-4474-a285-3208198ce6fd}&quot;:{&quot;d&quot;:&quot;C:\\Program Files (x86)\\Mozilla Firefox\\browser\\extensions\\{972ce4c6-7e08-4474-a285-3208198ce6fd}&quot;,&quot;e&quot;:true,&quot;v&quot;:&quot;39.0&quot;,&quot;st&quot;:1436967099134,&quot;mt&quot;:1436967097391}},&quot;winreg-app-global&quot;:{&quot;avg@toolbar&quot;:{&quot;d&quot;:&quot;C:\\ProgramData\\AVG SafeGuard toolbar\\FireFoxExt\\18.5.0.909&quot;,&quot;e&quot;:false,&quot;v&quot;:&quot;18.5.0.909&quot;,&quot;st&quot;:1436451899239,&quot;mt&quot;:1436451786210}}}
1436967931761	addons.xpi	DEBUG	getModTime: Recursive scan of {972ce4c6-7e08-4474-a285-3208198ce6fd}
1436967931763	addons.xpi	DEBUG	getInstallState changed: false, state: {&quot;app-profile&quot;:{&quot;fxdriver@googlecode.com&quot;:{&quot;d&quot;:&quot;C:\\Users\\Lenovo\\AppData\\Local\\Temp\\anonymous7114067591707003963webdriver-profile\\extensions\\fxdriver@googlecode.com&quot;,&quot;e&quot;:false,&quot;v&quot;:&quot;2.35.0&quot;,&quot;st&quot;:1436967913449,&quot;mt&quot;:1436967913251}},&quot;app-global&quot;:{&quot;{972ce4c6-7e08-4474-a285-3208198ce6fd}&quot;:{&quot;d&quot;:&quot;C:\\Program Files (x86)\\Mozilla Firefox\\browser\\extensions\\{972ce4c6-7e08-4474-a285-3208198ce6fd}&quot;,&quot;e&quot;:true,&quot;v&quot;:&quot;39.0&quot;,&quot;st&quot;:1436967099134,&quot;mt&quot;:1436967097391}},&quot;winreg-app-global&quot;:{&quot;avg@toolbar&quot;:{&quot;d&quot;:&quot;C:\\ProgramData\\AVG SafeGuard toolbar\\FireFoxExt\\18.5.0.909&quot;,&quot;e&quot;:false,&quot;v&quot;:&quot;18.5.0.909&quot;,&quot;st&quot;:1436451899239,&quot;mt&quot;:1436451786210}}}
1436967931766	addons.xpi	DEBUG	No changes found
1436967931772	addons.manager	DEBUG	Registering shutdown blocker for XPIProvider
1436967931773	addons.manager	DEBUG	Provider finished startup: XPIProvider
1436967931773	addons.manager	DEBUG	Starting provider: LightweightThemeManager
1436967931773	addons.manager	DEBUG	Registering shutdown blocker for LightweightThemeManager
1436967931774	addons.manager	DEBUG	Provider finished startup: LightweightThemeManager
1436967931774	addons.manager	DEBUG	Starting provider: GMPProvider
1436967931780	addons.manager	DEBUG	Registering shutdown blocker for GMPProvider
1436967931781	addons.manager	DEBUG	Provider finished startup: GMPProvider
1436967931781	addons.manager	DEBUG	Starting provider: PluginProvider
1436967931781	addons.manager	DEBUG	Registering shutdown blocker for PluginProvider
1436967931781	addons.manager	DEBUG	Provider finished startup: PluginProvider
1436967931782	addons.manager	DEBUG	Completed startup sequence
1436967931964	addons.xpi-utils	DEBUG	Starting async load of XPI database C:\Users\Lenovo\AppData\Local\Temp\anonymous7114067591707003963webdriver-profile\extensions.json
1436967931967	addons.manager	DEBUG	Starting provider: &lt;unnamed-provider&gt;
1436967931967	addons.manager	DEBUG	Registering shutdown blocker for &lt;unnamed-provider&gt;
1436967931968	addons.manager	DEBUG	Provider finished startup: &lt;unnamed-provider&gt;
1436967932408	addons.xpi-utils	DEBUG	Async JSON file read took 0 MS
1436967932408	addons.xpi-utils	DEBUG	Finished async read of XPI database, parsing...
1436967932409	addons.xpi-utils	DEBUG	Successfully read XPI database
*** Blocklist::_loadBlocklistFromFile: blocklist is disabled

	at org.openqa.selenium.firefox.internal.NewProfileExtensionConnection.start(NewProfileExtensionConnection.java:106)
	... 40 more
</failure>
    <system-err>org.openqa.selenium.firefox.NotConnectedException: Unable to connect to host 127.0.0.1 on port 7055 after 45000 ms. Firefox console output:
i	DEBUG	startup
1436967931755	addons.xpi	INFO	Mapping fxdriver@googlecode.com to C:\Users\Lenovo\AppData\Local\Temp\anonymous7114067591707003963webdriver-profile\extensions\fxdriver@googlecode.com
1436967931755	addons.xpi	DEBUG	Ignoring file entry whose name is not a valid add-on ID: C:\Users\Lenovo\AppData\Local\Temp\anonymous7114067591707003963webdriver-profile\extensions\webdriver-staging
1436967931757	addons.xpi	INFO	Mapping {972ce4c6-7e08-4474-a285-3208198ce6fd} to C:\Program Files (x86)\Mozilla Firefox\browser\extensions\{972ce4c6-7e08-4474-a285-3208198ce6fd}
1436967931757	addons.xpi	DEBUG	Skipping unavailable install location app-system-share
1436967931758	addons.xpi	DEBUG	Skipping unavailable install location app-system-local
1436967931758	addons.xpi	INFO	Mapping avg@toolbar to C:\ProgramData\AVG SafeGuard toolbar\FireFoxExt\18.5.0.909
1436967931759	addons.xpi	DEBUG	checkForChanges
1436967931759	addons.xpi	DEBUG	Loaded add-on state from prefs: {&quot;app-profile&quot;:{&quot;fxdriver@googlecode.com&quot;:{&quot;d&quot;:&quot;C:\\Users\\Lenovo\\AppData\\Local\\Temp\\anonymous7114067591707003963webdriver-profile\\extensions\\fxdriver@googlecode.com&quot;,&quot;e&quot;:false,&quot;v&quot;:&quot;2.35.0&quot;,&quot;st&quot;:1436967913449,&quot;mt&quot;:1436967913251}},&quot;app-global&quot;:{&quot;{972ce4c6-7e08-4474-a285-3208198ce6fd}&quot;:{&quot;d&quot;:&quot;C:\\Program Files (x86)\\Mozilla Firefox\\browser\\extensions\\{972ce4c6-7e08-4474-a285-3208198ce6fd}&quot;,&quot;e&quot;:true,&quot;v&quot;:&quot;39.0&quot;,&quot;st&quot;:1436967099134,&quot;mt&quot;:1436967097391}},&quot;winreg-app-global&quot;:{&quot;avg@toolbar&quot;:{&quot;d&quot;:&quot;C:\\ProgramData\\AVG SafeGuard toolbar\\FireFoxExt\\18.5.0.909&quot;,&quot;e&quot;:false,&quot;v&quot;:&quot;18.5.0.909&quot;,&quot;st&quot;:1436451899239,&quot;mt&quot;:1436451786210}}}
1436967931761	addons.xpi	DEBUG	getModTime: Recursive scan of {972ce4c6-7e08-4474-a285-3208198ce6fd}
1436967931763	addons.xpi	DEBUG	getInstallState changed: false, state: {&quot;app-profile&quot;:{&quot;fxdriver@googlecode.com&quot;:{&quot;d&quot;:&quot;C:\\Users\\Lenovo\\AppData\\Local\\Temp\\anonymous7114067591707003963webdriver-profile\\extensions\\fxdriver@googlecode.com&quot;,&quot;e&quot;:false,&quot;v&quot;:&quot;2.35.0&quot;,&quot;st&quot;:1436967913449,&quot;mt&quot;:1436967913251}},&quot;app-global&quot;:{&quot;{972ce4c6-7e08-4474-a285-3208198ce6fd}&quot;:{&quot;d&quot;:&quot;C:\\Program Files (x86)\\Mozilla Firefox\\browser\\extensions\\{972ce4c6-7e08-4474-a285-3208198ce6fd}&quot;,&quot;e&quot;:true,&quot;v&quot;:&quot;39.0&quot;,&quot;st&quot;:1436967099134,&quot;mt&quot;:1436967097391}},&quot;winreg-app-global&quot;:{&quot;avg@toolbar&quot;:{&quot;d&quot;:&quot;C:\\ProgramData\\AVG SafeGuard toolbar\\FireFoxExt\\18.5.0.909&quot;,&quot;e&quot;:false,&quot;v&quot;:&quot;18.5.0.909&quot;,&quot;st&quot;:1436451899239,&quot;mt&quot;:1436451786210}}}
1436967931766	addons.xpi	DEBUG	No changes found
1436967931772	addons.manager	DEBUG	Registering shutdown blocker for XPIProvider
1436967931773	addons.manager	DEBUG	Provider finished startup: XPIProvider
1436967931773	addons.manager	DEBUG	Starting provider: LightweightThemeManager
1436967931773	addons.manager	DEBUG	Registering shutdown blocker for LightweightThemeManager
1436967931774	addons.manager	DEBUG	Provider finished startup: LightweightThemeManager
1436967931774	addons.manager	DEBUG	Starting provider: GMPProvider
1436967931780	addons.manager	DEBUG	Registering shutdown blocker for GMPProvider
1436967931781	addons.manager	DEBUG	Provider finished startup: GMPProvider
1436967931781	addons.manager	DEBUG	Starting provider: PluginProvider
1436967931781	addons.manager	DEBUG	Registering shutdown blocker for PluginProvider
1436967931781	addons.manager	DEBUG	Provider finished startup: PluginProvider
1436967931782	addons.manager	DEBUG	Completed startup sequence
1436967931964	addons.xpi-utils	DEBUG	Starting async load of XPI database C:\Users\Lenovo\AppData\Local\Temp\anonymous7114067591707003963webdriver-profile\extensions.json
1436967931967	addons.manager	DEBUG	Starting provider: &lt;unnamed-provider&gt;
1436967931967	addons.manager	DEBUG	Registering shutdown blocker for &lt;unnamed-provider&gt;
1436967931968	addons.manager	DEBUG	Provider finished startup: &lt;unnamed-provider&gt;
1436967932408	addons.xpi-utils	DEBUG	Async JSON file read took 0 MS
1436967932408	addons.xpi-utils	DEBUG	Finished async read of XPI database, parsing...
1436967932409	addons.xpi-utils	DEBUG	Successfully read XPI database
*** Blocklist::_loadBlocklistFromFile: blocklist is disabled

	at org.openqa.selenium.firefox.internal.NewProfileExtensionConnection.start(NewProfileExtensionConnection.java:106)
	at org.openqa.selenium.firefox.FirefoxDriver.startClient(FirefoxDriver.java:251)
	at org.openqa.selenium.remote.RemoteWebDriver.&lt;init&gt;(RemoteWebDriver.java:110)
	at org.openqa.selenium.firefox.FirefoxDriver.&lt;init&gt;(FirefoxDriver.java:195)
	at org.openqa.selenium.firefox.FirefoxDriver.&lt;init&gt;(FirefoxDriver.java:190)
	at org.openqa.selenium.firefox.FirefoxDriver.&lt;init&gt;(FirefoxDriver.java:186)
	at org.openqa.selenium.firefox.FirefoxDriver.&lt;init&gt;(FirefoxDriver.java:99)
	at SearchTest.searchForItemTest(SearchTest.java:16)
	at sun.reflect.NativeMethodAccessorImpl.invoke0(Native Method)
	at sun.reflect.NativeMethodAccessorImpl.invoke(NativeMethodAccessorImpl.java:57)
	at sun.reflect.DelegatingMethodAccessorImpl.invoke(DelegatingMethodAccessorImpl.java:43)
	at java.lang.reflect.Method.invoke(Method.java:606)
	at org.testng.internal.MethodInvocationHelper.invokeMethod(MethodInvocationHelper.java:85)
	at org.testng.internal.Invoker.invokeMethod(Invoker.java:639)
	at org.testng.internal.Invoker.invokeTestMethod(Invoker.java:821)
	at org.testng.internal.Invoker.invokeTestMethods(Invoker.java:1131)
	at org.testng.internal.TestMethodWorker.invokeTestMethods(TestMethodWorker.java:124)
	at org.testng.internal.TestMethodWorker.run(TestMethodWorker.java:108)
	at org.testng.TestRunner.privateRun(TestRunner.java:773)
	at org.testng.TestRunner.run(TestRunner.java:623)
	at org.testng.SuiteRunner.runTest(SuiteRunner.java:357)
	at org.testng.SuiteRunner.runSequentially(SuiteRunner.java:352)
	at org.testng.SuiteRunner.privateRun(SuiteRunner.java:310)
	at org.testng.SuiteRunner.run(SuiteRunner.java:259)
	at org.testng.SuiteRunnerWorker.runSuite(SuiteRunnerWorker.java:52)
	at org.testng.SuiteRunnerWorker.run(SuiteRunnerWorker.java:86)
	at org.testng.TestNG.runSuitesSequentially(TestNG.java:1185)
	at org.testng.TestNG.runSuitesLocally(TestNG.java:1110)
	at org.testng.TestNG.run(TestNG.java:1018)
	at org.apache.maven.surefire.testng.TestNGExecutor.run(TestNGExecutor.java:70)
	at org.apache.maven.surefire.testng.TestNGDirectoryTestSuite.execute(TestNGDirectoryTestSuite.java:109)
	at org.apache.maven.surefire.testng.TestNGProvider.invoke(TestNGProvider.java:111)
	at sun.reflect.NativeMethodAccessorImpl.invoke0(Native Method)
	at sun.reflect.NativeMethodAccessorImpl.invoke(NativeMethodAccessorImpl.java:57)
	at sun.reflect.DelegatingMethodAccessorImpl.invoke(DelegatingMethodAccessorImpl.java:43)
	at java.lang.reflect.Method.invoke(Method.java:606)
	at org.apache.maven.surefire.util.ReflectionUtils.invokeMethodWithArray(ReflectionUtils.java:164)
	at org.apache.maven.surefire.booter.ProviderFactory$ProviderProxy.invoke(ProviderFactory.java:110)
	at org.apache.maven.surefire.booter.SurefireStarter.invokeProvider(SurefireStarter.java:175)
	at org.apache.maven.surefire.booter.SurefireStarter.runSuitesInProcessWhenForked(SurefireStarter.java:107)
	at org.apache.maven.surefire.booter.ForkedBooter.main(ForkedBooter.java:68)
</system-err>
  </testcase>
</testsuite>