<?xml version="1.0" encoding="UTF-8"?>
<testng-results skipped="0" failed="0" total="1" passed="1">
  <reporter-output>
  </reporter-output>
  <suite name="Default suite" duration-ms="14764" started-at="2015-07-15T13:56:12Z" finished-at="2015-07-15T13:56:27Z">
    <groups>
    </groups>
    <test name="Default test" duration-ms="14764" started-at="2015-07-15T13:56:12Z" finished-at="2015-07-15T13:56:27Z">
      <class name="SearchTest">
        <test-method status="PASS" signature="searchForItemTest()[pri:0, instance:SearchTest@f598d5f]" name="searchForItemTest" duration-ms="14746" started-at="2015-07-15T14:56:12Z" finished-at="2015-07-15T14:56:27Z">
          <reporter-output>
          </reporter-output>
        </test-method> <!-- searchForItemTest -->
      </class> <!-- SearchTest -->
    </test> <!-- Default test -->
  </suite> <!-- Default suite -->
</testng-results>
